<?xml version="1.0" encoding="UTF-8"?>
<!-- Generated by org.testng.reporters.JUnitReportReporter -->
<testsuite skipped="1" hostname="CSNB0366" name="com.qa.trialcomplete.tests.CreateStudyTest" tests="2" failures="0" timestamp="2021-02-21T14:20:03 IST" time="11.860" errors="0">
  <testcase name="createStudy" time="11.860" classname="com.qa.trialcomplete.tests.CreateStudyTest"/>
  <system-out/>
  <testcase name="login" classname="com.qa.trialcomplete.tests.CreateStudyTest">
    <skipped/>
  </testcase> <!-- login -->
  <system-out/>
</testsuite> <!-- com.qa.trialcomplete.tests.CreateStudyTest -->
