<?xml version="1.0" encoding="UTF-8"?>
<!-- Generated by org.testng.reporters.JUnitReportReporter -->
<testsuite skipped="0" hostname="CSNB0366" name="com.qa.trialcomplete.tests.CreateSubjectTest" tests="2" failures="0" timestamp="2021-02-10T21:14:05 IST" time="27.097" errors="0">
  <testcase name="login" time="11.110" classname="com.qa.trialcomplete.tests.CreateSubjectTest"/>
  <system-out/>
  <testcase name="createSubject" time="15.987" classname="com.qa.trialcomplete.tests.CreateSubjectTest"/>
  <system-out/>
</testsuite> <!-- com.qa.trialcomplete.tests.CreateSubjectTest -->
