<?xml version="1.0" encoding="UTF-8"?>
<!-- Generated by org.testng.reporters.JUnitReportReporter -->
<testsuite skipped="0" hostname="CSNB0366" name="com.qa.trialcomplete.tests.LoginTest" tests="1" failures="0" timestamp="2021-02-21T14:20:03 IST" time="20.598" errors="0">
  <testcase name="loginTest" time="20.598" classname="com.qa.trialcomplete.tests.LoginTest"/>
  <system-out/>
</testsuite> <!-- com.qa.trialcomplete.tests.LoginTest -->
